<?xml version="1.0" encoding="UTF-8"?>
<!-- Generated by org.testng.reporters.JUnitReportReporter -->
<testsuite hostname="DESKTOP-3DVRLHB" failures="0" tests="1" name="com.testscript.CustomerModule" time="0.025" errors="0" timestamp="09 Jun 2023 08:12:26 GMT" skipped="0">
  <testcase classname="com.testscript.CustomerModule" name="testCreateCustomer" time="0.025"/>
</testsuite> <!-- com.testscript.CustomerModule -->
