<?xml version="1.0" encoding="UTF-8"?>
<!-- Generated by org.testng.reporters.JUnitReportReporter -->
<testsuite hostname="DESKTOP-3DVRLHB" failures="0" tests="1" name="com.testscript.CustomerModule" time="0.024" errors="0" timestamp="08 Jun 2023 18:58:34 GMT" skipped="0">
  <testcase classname="com.testscript.CustomerModule" name="testCreateCustomer" time="0.024"/>
</testsuite> <!-- com.testscript.CustomerModule -->
